[2022-05-20 14:21:08,046] {taskinstance.py:1159} INFO - Dependencies all met for <TaskInstance: dag_may_20_2022.training_model_B manual__2022-05-20T14:21:07.177703+00:00 [queued]>
[2022-05-20 14:21:08,056] {taskinstance.py:1159} INFO - Dependencies all met for <TaskInstance: dag_may_20_2022.training_model_B manual__2022-05-20T14:21:07.177703+00:00 [queued]>
[2022-05-20 14:21:08,056] {taskinstance.py:1356} INFO - 
--------------------------------------------------------------------------------
[2022-05-20 14:21:08,057] {taskinstance.py:1357} INFO - Starting attempt 1 of 1
[2022-05-20 14:21:08,057] {taskinstance.py:1358} INFO - 
--------------------------------------------------------------------------------
[2022-05-20 14:21:08,072] {taskinstance.py:1377} INFO - Executing <Task(PythonOperator): training_model_B> on 2022-05-20 14:21:07.177703+00:00
[2022-05-20 14:21:08,077] {standard_task_runner.py:52} INFO - Started process 358 to run task
[2022-05-20 14:21:08,082] {standard_task_runner.py:79} INFO - Running: ['***', 'tasks', 'run', 'dag_may_20_2022', 'training_model_B', 'manual__2022-05-20T14:21:07.177703+00:00', '--job-id', '83', '--raw', '--subdir', 'DAGS_FOLDER/dags.py', '--cfg-path', '/tmp/tmpryv2_wss', '--error-file', '/tmp/tmppf611sez']
[2022-05-20 14:21:08,083] {standard_task_runner.py:80} INFO - Job 83: Subtask training_model_B
[2022-05-20 14:21:08,157] {task_command.py:369} INFO - Running <TaskInstance: dag_may_20_2022.training_model_B manual__2022-05-20T14:21:07.177703+00:00 [running]> on host 9764520d92aa
[2022-05-20 14:21:08,249] {taskinstance.py:1571} INFO - Exporting the following env vars:
AIRFLOW_CTX_DAG_OWNER=***
AIRFLOW_CTX_DAG_ID=dag_may_20_2022
AIRFLOW_CTX_TASK_ID=training_model_B
AIRFLOW_CTX_EXECUTION_DATE=2022-05-20T14:21:07.177703+00:00
AIRFLOW_CTX_TRY_NUMBER=1
AIRFLOW_CTX_DAG_RUN_ID=manual__2022-05-20T14:21:07.177703+00:00
[2022-05-20 14:21:08,251] {python.py:173} INFO - Done. Returned value was: 10
[2022-05-20 14:21:08,284] {taskinstance.py:1400} INFO - Marking task as SUCCESS. dag_id=dag_may_20_2022, task_id=training_model_B, execution_date=20220520T142107, start_date=20220520T142108, end_date=20220520T142108
[2022-05-20 14:21:08,335] {local_task_job.py:156} INFO - Task exited with return code 0
[2022-05-20 14:21:08,402] {local_task_job.py:273} INFO - 1 downstream tasks scheduled from follow-on schedule check
