[2022-05-20 14:21:08,083] {taskinstance.py:1159} INFO - Dependencies all met for <TaskInstance: dag_may_20_2022.training_model_A manual__2022-05-20T14:21:07.177703+00:00 [queued]>
[2022-05-20 14:21:08,093] {taskinstance.py:1159} INFO - Dependencies all met for <TaskInstance: dag_may_20_2022.training_model_A manual__2022-05-20T14:21:07.177703+00:00 [queued]>
[2022-05-20 14:21:08,094] {taskinstance.py:1356} INFO - 
--------------------------------------------------------------------------------
[2022-05-20 14:21:08,094] {taskinstance.py:1357} INFO - Starting attempt 1 of 1
[2022-05-20 14:21:08,095] {taskinstance.py:1358} INFO - 
--------------------------------------------------------------------------------
[2022-05-20 14:21:08,114] {taskinstance.py:1377} INFO - Executing <Task(PythonOperator): training_model_A> on 2022-05-20 14:21:07.177703+00:00
[2022-05-20 14:21:08,119] {standard_task_runner.py:52} INFO - Started process 359 to run task
[2022-05-20 14:21:08,123] {standard_task_runner.py:79} INFO - Running: ['***', 'tasks', 'run', 'dag_may_20_2022', 'training_model_A', 'manual__2022-05-20T14:21:07.177703+00:00', '--job-id', '84', '--raw', '--subdir', 'DAGS_FOLDER/dags.py', '--cfg-path', '/tmp/tmpy5jhsopx', '--error-file', '/tmp/tmpn4cmdjqk']
[2022-05-20 14:21:08,124] {standard_task_runner.py:80} INFO - Job 84: Subtask training_model_A
[2022-05-20 14:21:08,199] {task_command.py:369} INFO - Running <TaskInstance: dag_may_20_2022.training_model_A manual__2022-05-20T14:21:07.177703+00:00 [running]> on host 9764520d92aa
[2022-05-20 14:21:08,284] {taskinstance.py:1571} INFO - Exporting the following env vars:
AIRFLOW_CTX_DAG_OWNER=***
AIRFLOW_CTX_DAG_ID=dag_may_20_2022
AIRFLOW_CTX_TASK_ID=training_model_A
AIRFLOW_CTX_EXECUTION_DATE=2022-05-20T14:21:07.177703+00:00
AIRFLOW_CTX_TRY_NUMBER=1
AIRFLOW_CTX_DAG_RUN_ID=manual__2022-05-20T14:21:07.177703+00:00
[2022-05-20 14:21:08,286] {python.py:173} INFO - Done. Returned value was: 8
[2022-05-20 14:21:08,320] {taskinstance.py:1400} INFO - Marking task as SUCCESS. dag_id=dag_may_20_2022, task_id=training_model_A, execution_date=20220520T142107, start_date=20220520T142108, end_date=20220520T142108
[2022-05-20 14:21:08,377] {local_task_job.py:156} INFO - Task exited with return code 0
[2022-05-20 14:21:08,433] {local_task_job.py:273} INFO - 0 downstream tasks scheduled from follow-on schedule check
