[2022-05-20 14:21:08,124] {taskinstance.py:1159} INFO - Dependencies all met for <TaskInstance: dag_may_20_2022.training_model_C manual__2022-05-20T14:21:07.177703+00:00 [queued]>
[2022-05-20 14:21:08,134] {taskinstance.py:1159} INFO - Dependencies all met for <TaskInstance: dag_may_20_2022.training_model_C manual__2022-05-20T14:21:07.177703+00:00 [queued]>
[2022-05-20 14:21:08,135] {taskinstance.py:1356} INFO - 
--------------------------------------------------------------------------------
[2022-05-20 14:21:08,136] {taskinstance.py:1357} INFO - Starting attempt 1 of 1
[2022-05-20 14:21:08,137] {taskinstance.py:1358} INFO - 
--------------------------------------------------------------------------------
[2022-05-20 14:21:08,155] {taskinstance.py:1377} INFO - Executing <Task(PythonOperator): training_model_C> on 2022-05-20 14:21:07.177703+00:00
[2022-05-20 14:21:08,161] {standard_task_runner.py:52} INFO - Started process 360 to run task
[2022-05-20 14:21:08,165] {standard_task_runner.py:79} INFO - Running: ['***', 'tasks', 'run', 'dag_may_20_2022', 'training_model_C', 'manual__2022-05-20T14:21:07.177703+00:00', '--job-id', '85', '--raw', '--subdir', 'DAGS_FOLDER/dags.py', '--cfg-path', '/tmp/tmp15kgqp9c', '--error-file', '/tmp/tmpejyuqwsu']
[2022-05-20 14:21:08,166] {standard_task_runner.py:80} INFO - Job 85: Subtask training_model_C
[2022-05-20 14:21:08,241] {task_command.py:369} INFO - Running <TaskInstance: dag_may_20_2022.training_model_C manual__2022-05-20T14:21:07.177703+00:00 [running]> on host 9764520d92aa
[2022-05-20 14:21:08,328] {taskinstance.py:1571} INFO - Exporting the following env vars:
AIRFLOW_CTX_DAG_OWNER=***
AIRFLOW_CTX_DAG_ID=dag_may_20_2022
AIRFLOW_CTX_TASK_ID=training_model_C
AIRFLOW_CTX_EXECUTION_DATE=2022-05-20T14:21:07.177703+00:00
AIRFLOW_CTX_TRY_NUMBER=1
AIRFLOW_CTX_DAG_RUN_ID=manual__2022-05-20T14:21:07.177703+00:00
[2022-05-20 14:21:08,330] {python.py:173} INFO - Done. Returned value was: 2
[2022-05-20 14:21:08,364] {taskinstance.py:1400} INFO - Marking task as SUCCESS. dag_id=dag_may_20_2022, task_id=training_model_C, execution_date=20220520T142107, start_date=20220520T142108, end_date=20220520T142108
[2022-05-20 14:21:08,419] {local_task_job.py:156} INFO - Task exited with return code 0
[2022-05-20 14:21:08,473] {local_task_job.py:273} INFO - 0 downstream tasks scheduled from follow-on schedule check
