[2022-05-20 14:20:05,839] {taskinstance.py:1159} INFO - Dependencies all met for <TaskInstance: dag_may_20_2022.training_model_C scheduled__2022-05-19T00:00:00+00:00 [queued]>
[2022-05-20 14:20:05,854] {taskinstance.py:1159} INFO - Dependencies all met for <TaskInstance: dag_may_20_2022.training_model_C scheduled__2022-05-19T00:00:00+00:00 [queued]>
[2022-05-20 14:20:05,855] {taskinstance.py:1356} INFO - 
--------------------------------------------------------------------------------
[2022-05-20 14:20:05,856] {taskinstance.py:1357} INFO - Starting attempt 1 of 1
[2022-05-20 14:20:05,856] {taskinstance.py:1358} INFO - 
--------------------------------------------------------------------------------
[2022-05-20 14:20:05,877] {taskinstance.py:1377} INFO - Executing <Task(PythonOperator): training_model_C> on 2022-05-19 00:00:00+00:00
[2022-05-20 14:20:05,883] {standard_task_runner.py:52} INFO - Started process 307 to run task
[2022-05-20 14:20:05,887] {standard_task_runner.py:79} INFO - Running: ['***', 'tasks', 'run', 'dag_may_20_2022', 'training_model_C', 'scheduled__2022-05-19T00:00:00+00:00', '--job-id', '80', '--raw', '--subdir', 'DAGS_FOLDER/dags.py', '--cfg-path', '/tmp/tmp_t7v84_k', '--error-file', '/tmp/tmpvl1il4z4']
[2022-05-20 14:20:05,888] {standard_task_runner.py:80} INFO - Job 80: Subtask training_model_C
[2022-05-20 14:20:05,973] {task_command.py:369} INFO - Running <TaskInstance: dag_may_20_2022.training_model_C scheduled__2022-05-19T00:00:00+00:00 [running]> on host 9764520d92aa
[2022-05-20 14:20:06,075] {taskinstance.py:1571} INFO - Exporting the following env vars:
AIRFLOW_CTX_DAG_OWNER=***
AIRFLOW_CTX_DAG_ID=dag_may_20_2022
AIRFLOW_CTX_TASK_ID=training_model_C
AIRFLOW_CTX_EXECUTION_DATE=2022-05-19T00:00:00+00:00
AIRFLOW_CTX_TRY_NUMBER=1
AIRFLOW_CTX_DAG_RUN_ID=scheduled__2022-05-19T00:00:00+00:00
[2022-05-20 14:20:06,077] {python.py:173} INFO - Done. Returned value was: 3
[2022-05-20 14:20:06,114] {taskinstance.py:1400} INFO - Marking task as SUCCESS. dag_id=dag_may_20_2022, task_id=training_model_C, execution_date=20220519T000000, start_date=20220520T142005, end_date=20220520T142006
[2022-05-20 14:20:06,142] {local_task_job.py:156} INFO - Task exited with return code 0
[2022-05-20 14:20:06,204] {local_task_job.py:273} INFO - 0 downstream tasks scheduled from follow-on schedule check
